<?xml version="1.0" encoding="UTF-8"?>
<!-- Generated by org.testng.reporters.JUnitReportReporter -->
<testsuite hostname="DESKTOP-T04IFRJ" failures="0" tests="1" name="Module1_login.TestClassLogin" time="31.654" errors="0" timestamp="2022-11-16T16:53:40 IST" skipped="0">
  <testcase classname="Module1_login.TestClassLogin" name="verifyUN" time="31.654"/>
  <system-out/>
</testsuite> <!-- Module1_login.TestClassLogin -->
